[debug] [2018-04-21T22:40:41.037Z] ----------------------------------------------------------------------
[debug] [2018-04-21T22:40:41.039Z] Command:       /usr/local/bin/node /usr/local/bin/firebase serve --only functions
[debug] [2018-04-21T22:40:41.040Z] CLI Version:   3.18.4
[debug] [2018-04-21T22:40:41.040Z] Platform:      darwin
[debug] [2018-04-21T22:40:41.040Z] Node Version:  v9.11.1
[debug] [2018-04-21T22:40:41.040Z] Time:          Sat Apr 21 2018 19:40:41 GMT-0300 (-03)
[debug] [2018-04-21T22:40:41.041Z] ----------------------------------------------------------------------
[debug] 
[debug] [2018-04-21T22:40:41.061Z] > command requires scopes: ["email","openid","https://www.googleapis.com/auth/cloudplatformprojects.readonly","https://www.googleapis.com/auth/firebase","https://www.googleapis.com/auth/cloud-platform"]
[debug] [2018-04-21T22:40:41.061Z] > authorizing via signed-in user
[debug] [2018-04-21T22:40:41.063Z] > refreshing access token with scopes: ["email","https://www.googleapis.com/auth/cloud-platform","https://www.googleapis.com/auth/cloudplatformprojects.readonly","https://www.googleapis.com/auth/firebase","openid"]
[debug] [2018-04-21T22:40:41.063Z] >>> HTTP REQUEST POST https://www.googleapis.com/oauth2/v3/token  
 { refresh_token: '1/X7PIwxcsXAtZCWYRXOixJUdC2_eH5Igq0RtBrIYBa68',
  client_id: '563584335869-fgrhgmd47bqnekij5i8b5pr03ho849e6.apps.googleusercontent.com',
  client_secret: 'j9iVZfS8kkCEFUPaAeJV0sAi',
  grant_type: 'refresh_token',
  scope: 'email https://www.googleapis.com/auth/cloud-platform https://www.googleapis.com/auth/cloudplatformprojects.readonly https://www.googleapis.com/auth/firebase openid' } 
 Sat Apr 21 2018 19:40:41 GMT-0300 (-03)
[debug] [2018-04-21T22:40:41.453Z] <<< HTTP RESPONSE 200
[debug] [2018-04-21T22:40:41.465Z] >>> HTTP REQUEST GET https://admin.firebase.com/v1/projects/estudo-react-bora-ajudar  
  
 Sat Apr 21 2018 19:40:41 GMT-0300 (-03)
[debug] [2018-04-21T22:40:42.481Z] <<< HTTP RESPONSE 200
[debug] [2018-04-21T22:40:42.483Z] >>> HTTP REQUEST GET https://admin.firebase.com/v1/database/estudo-react-bora-ajudar/tokens  
  
 Sat Apr 21 2018 19:40:42 GMT-0300 (-03)
[debug] [2018-04-21T22:40:43.286Z] <<< HTTP RESPONSE 200
[debug] [2018-04-21T22:40:43.287Z] >>> HTTP REQUEST GET https://cloudresourcemanager.googleapis.com/v1/projects/estudo-react-bora-ajudar  
  
 Sat Apr 21 2018 19:40:43 GMT-0300 (-03)
[debug] [2018-04-21T22:40:44.160Z] <<< HTTP RESPONSE 200
[info] 
[info] === Serving from '/Users/haroldjose/Documents/Projects/Estudos/ReactHandsOn_BoraAjudar/app-bora-ajudar'...
[info] 
[info] i  functions: Preparing to emulate functions.
[debug] [2018-04-21T22:40:44.926Z] Fetching environment
[debug] [2018-04-21T22:40:44.927Z] >>> HTTP REQUEST GET https://mobilesdk-pa.googleapis.com/v1/projects/252394730774:getServerAppConfig  
  
 Sat Apr 21 2018 19:40:44 GMT-0300 (-03)
[debug] [2018-04-21T22:40:46.468Z] <<< HTTP RESPONSE 200
[debug] [2018-04-21T22:40:46.469Z] Starting @google-cloud/functions-emulator
[debug] [2018-04-21T22:40:48.546Z] Parsing function triggers
[info] ✔  functions: api: http://localhost:5000/estudo-react-bora-ajudar/us-central1/api
